2024-11-28 17:44:29 WARN  [main] o.a.hadoop.util.NativeCodeLoader - Unable to load native-hadoop library for your platform... using builtin-java classes where applicable
2024-11-28 17:44:30 WARN  [main] o.a.h.metrics2.impl.MetricsConfig - Cannot locate configuration: tried hadoop-metrics2-jobtracker.properties,hadoop-metrics2.properties
2024-11-28 17:44:30 INFO  [main] o.a.h.m.impl.MetricsSystemImpl - Scheduled Metric snapshot period at 10 second(s).
2024-11-28 17:44:30 INFO  [main] o.a.h.m.impl.MetricsSystemImpl - JobTracker metrics system started
2024-11-28 17:44:30 WARN  [main] o.a.h.mapreduce.JobResourceUploader - Hadoop command-line option parsing not performed. Implement the Tool interface and execute your application with ToolRunner to remedy this.
2024-11-28 17:44:30 WARN  [main] o.a.h.mapreduce.JobResourceUploader - No job jar file set.  User classes may not be found. See Job or Job#setJar(String).
2024-11-28 17:44:30 INFO  [main] o.a.h.m.lib.input.FileInputFormat - Total input files to process : 1
2024-11-28 17:44:30 INFO  [main] o.a.hadoop.mapreduce.JobSubmitter - number of splits:1
2024-11-28 17:44:30 INFO  [main] o.a.hadoop.mapreduce.JobSubmitter - Submitting tokens for job: job_local82271307_0001
2024-11-28 17:44:30 INFO  [main] o.a.hadoop.mapreduce.JobSubmitter - Executing with tokens: []
2024-11-28 17:44:30 INFO  [main] org.apache.hadoop.mapreduce.Job - The url to track the job: http://localhost:8080/
2024-11-28 17:44:30 INFO  [Thread-21] o.a.hadoop.mapred.LocalJobRunner - OutputCommitter set in config null
2024-11-28 17:44:30 INFO  [main] org.apache.hadoop.mapreduce.Job - Running job: job_local82271307_0001
2024-11-28 17:44:30 INFO  [Thread-21] o.a.h.m.l.o.PathOutputCommitterFactory - No output committer factory defined, defaulting to FileOutputCommitterFactory
2024-11-28 17:44:30 INFO  [Thread-21] o.a.h.m.l.output.FileOutputCommitter - File Output Committer Algorithm version is 2
2024-11-28 17:44:30 INFO  [Thread-21] o.a.h.m.l.output.FileOutputCommitter - FileOutputCommitter skip cleanup _temporary folders under output directory:false, ignore cleanup failures: false
2024-11-28 17:44:30 INFO  [Thread-21] o.a.hadoop.mapred.LocalJobRunner - OutputCommitter is org.apache.hadoop.mapreduce.lib.output.FileOutputCommitter
2024-11-28 17:44:30 INFO  [Thread-21] o.a.hadoop.mapred.LocalJobRunner - Waiting for map tasks
2024-11-28 17:44:30 INFO  [LocalJobRunner Map Task Executor #0] o.a.hadoop.mapred.LocalJobRunner - Starting task: attempt_local82271307_0001_m_000000_0
2024-11-28 17:44:30 INFO  [LocalJobRunner Map Task Executor #0] o.a.h.m.l.o.PathOutputCommitterFactory - No output committer factory defined, defaulting to FileOutputCommitterFactory
2024-11-28 17:44:30 INFO  [LocalJobRunner Map Task Executor #0] o.a.h.m.l.output.FileOutputCommitter - File Output Committer Algorithm version is 2
2024-11-28 17:44:30 INFO  [LocalJobRunner Map Task Executor #0] o.a.h.m.l.output.FileOutputCommitter - FileOutputCommitter skip cleanup _temporary folders under output directory:false, ignore cleanup failures: false
2024-11-28 17:44:30 INFO  [LocalJobRunner Map Task Executor #0] o.a.h.y.util.ProcfsBasedProcessTree - ProcfsBasedProcessTree currently is supported only on Linux.
2024-11-28 17:44:30 INFO  [LocalJobRunner Map Task Executor #0] org.apache.hadoop.mapred.Task -  Using ResourceCalculatorProcessTree : null
2024-11-28 17:44:30 INFO  [LocalJobRunner Map Task Executor #0] org.apache.hadoop.mapred.MapTask - Processing split: file:/Users/federico/IdeaProjects/edbd-tp-map_reduce/input-wordCount/hadoopPoem.sh:0+400
2024-11-28 17:44:30 INFO  [LocalJobRunner Map Task Executor #0] org.apache.hadoop.mapred.MapTask - (EQUATOR) 0 kvi 26214396(104857584)
2024-11-28 17:44:30 INFO  [LocalJobRunner Map Task Executor #0] org.apache.hadoop.mapred.MapTask - mapreduce.task.io.sort.mb: 100
2024-11-28 17:44:30 INFO  [LocalJobRunner Map Task Executor #0] org.apache.hadoop.mapred.MapTask - soft limit at 83886080
2024-11-28 17:44:30 INFO  [LocalJobRunner Map Task Executor #0] org.apache.hadoop.mapred.MapTask - bufstart = 0; bufvoid = 104857600
2024-11-28 17:44:30 INFO  [LocalJobRunner Map Task Executor #0] org.apache.hadoop.mapred.MapTask - kvstart = 26214396; length = 6553600
2024-11-28 17:44:30 INFO  [LocalJobRunner Map Task Executor #0] org.apache.hadoop.mapred.MapTask - Map output collector class = org.apache.hadoop.mapred.MapTask$MapOutputBuffer
2024-11-28 17:44:30 INFO  [LocalJobRunner Map Task Executor #0] o.a.hadoop.mapred.LocalJobRunner - 
2024-11-28 17:44:30 INFO  [LocalJobRunner Map Task Executor #0] org.apache.hadoop.mapred.MapTask - Starting flush of map output
2024-11-28 17:44:30 INFO  [LocalJobRunner Map Task Executor #0] org.apache.hadoop.mapred.MapTask - Spilling map output
2024-11-28 17:44:30 INFO  [LocalJobRunner Map Task Executor #0] org.apache.hadoop.mapred.MapTask - bufstart = 0; bufend = 687; bufvoid = 104857600
2024-11-28 17:44:30 INFO  [LocalJobRunner Map Task Executor #0] org.apache.hadoop.mapred.MapTask - kvstart = 26214396(104857584); kvend = 26214112(104856448); length = 285/6553600
2024-11-28 17:44:30 INFO  [LocalJobRunner Map Task Executor #0] org.apache.hadoop.mapred.MapTask - Finished spill 0
2024-11-28 17:44:30 INFO  [LocalJobRunner Map Task Executor #0] org.apache.hadoop.mapred.Task - Task:attempt_local82271307_0001_m_000000_0 is done. And is in the process of committing
2024-11-28 17:44:30 INFO  [LocalJobRunner Map Task Executor #0] o.a.hadoop.mapred.LocalJobRunner - map
2024-11-28 17:44:30 INFO  [LocalJobRunner Map Task Executor #0] org.apache.hadoop.mapred.Task - Task 'attempt_local82271307_0001_m_000000_0' done.
2024-11-28 17:44:30 INFO  [LocalJobRunner Map Task Executor #0] org.apache.hadoop.mapred.Task - Final Counters for attempt_local82271307_0001_m_000000_0: Counters: 17
	File System Counters
		FILE: Number of bytes read=603
		FILE: Number of bytes written=413320
		FILE: Number of read operations=0
		FILE: Number of large read operations=0
		FILE: Number of write operations=0
	Map-Reduce Framework
		Map input records=17
		Map output records=72
		Map output bytes=687
		Map output materialized bytes=837
		Input split bytes=147
		Combine input records=0
		Spilled Records=72
		Failed Shuffles=0
		Merged Map outputs=0
		GC time elapsed (ms)=1
		Total committed heap usage (bytes)=157286400
	File Input Format Counters 
		Bytes Read=400
2024-11-28 17:44:30 INFO  [LocalJobRunner Map Task Executor #0] o.a.hadoop.mapred.LocalJobRunner - Finishing task: attempt_local82271307_0001_m_000000_0
2024-11-28 17:44:30 INFO  [Thread-21] o.a.hadoop.mapred.LocalJobRunner - map task executor complete.
2024-11-28 17:44:30 INFO  [Thread-21] o.a.hadoop.mapred.LocalJobRunner - Waiting for reduce tasks
2024-11-28 17:44:30 INFO  [pool-4-thread-1] o.a.hadoop.mapred.LocalJobRunner - Starting task: attempt_local82271307_0001_r_000000_0
2024-11-28 17:44:30 INFO  [pool-4-thread-1] o.a.h.m.l.o.PathOutputCommitterFactory - No output committer factory defined, defaulting to FileOutputCommitterFactory
2024-11-28 17:44:30 INFO  [pool-4-thread-1] o.a.h.m.l.output.FileOutputCommitter - File Output Committer Algorithm version is 2
2024-11-28 17:44:30 INFO  [pool-4-thread-1] o.a.h.m.l.output.FileOutputCommitter - FileOutputCommitter skip cleanup _temporary folders under output directory:false, ignore cleanup failures: false
2024-11-28 17:44:30 INFO  [pool-4-thread-1] o.a.h.y.util.ProcfsBasedProcessTree - ProcfsBasedProcessTree currently is supported only on Linux.
2024-11-28 17:44:30 INFO  [pool-4-thread-1] org.apache.hadoop.mapred.Task -  Using ResourceCalculatorProcessTree : null
2024-11-28 17:44:30 INFO  [pool-4-thread-1] org.apache.hadoop.mapred.ReduceTask - Using ShuffleConsumerPlugin: org.apache.hadoop.mapreduce.task.reduce.Shuffle@7a7f9207
2024-11-28 17:44:30 WARN  [pool-4-thread-1] o.a.h.m.impl.MetricsSystemImpl - JobTracker metrics system already initialized!
2024-11-28 17:44:30 INFO  [pool-4-thread-1] o.a.h.m.task.reduce.MergeManagerImpl - MergerManager: memoryLimit=3006477056, maxSingleShuffleLimit=751619264, mergeThreshold=1984274944, ioSortFactor=10, memToMemMergeOutputsThreshold=10
2024-11-28 17:44:30 INFO  [EventFetcher for fetching Map Completion Events] o.a.h.m.task.reduce.EventFetcher - attempt_local82271307_0001_r_000000_0 Thread started: EventFetcher for fetching Map Completion Events
2024-11-28 17:44:30 INFO  [localfetcher#1] o.a.h.m.task.reduce.LocalFetcher - localfetcher#1 about to shuffle output of map attempt_local82271307_0001_m_000000_0 decomp: 833 len: 837 to MEMORY
2024-11-28 17:44:30 INFO  [localfetcher#1] o.a.h.m.t.reduce.InMemoryMapOutput - Read 833 bytes from map-output for attempt_local82271307_0001_m_000000_0
2024-11-28 17:44:30 INFO  [localfetcher#1] o.a.h.m.task.reduce.MergeManagerImpl - closeInMemoryFile -> map-output of size: 833, inMemoryMapOutputs.size() -> 1, commitMemory -> 0, usedMemory ->833
2024-11-28 17:44:30 INFO  [EventFetcher for fetching Map Completion Events] o.a.h.m.task.reduce.EventFetcher - EventFetcher is interrupted.. Returning
2024-11-28 17:44:30 INFO  [pool-4-thread-1] o.a.hadoop.mapred.LocalJobRunner - 1 / 1 copied.
2024-11-28 17:44:30 INFO  [pool-4-thread-1] o.a.h.m.task.reduce.MergeManagerImpl - finalMerge called with 1 in-memory map-outputs and 0 on-disk map-outputs
2024-11-28 17:44:30 INFO  [pool-4-thread-1] org.apache.hadoop.mapred.Merger - Merging 1 sorted segments
2024-11-28 17:44:30 INFO  [pool-4-thread-1] org.apache.hadoop.mapred.Merger - Down to the last merge-pass, with 1 segments left of total size: 829 bytes
2024-11-28 17:44:30 INFO  [pool-4-thread-1] o.a.h.m.task.reduce.MergeManagerImpl - Merged 1 segments, 833 bytes to disk to satisfy reduce memory limit
2024-11-28 17:44:30 INFO  [pool-4-thread-1] o.a.h.m.task.reduce.MergeManagerImpl - Merging 1 files, 837 bytes from disk
2024-11-28 17:44:30 INFO  [pool-4-thread-1] o.a.h.m.task.reduce.MergeManagerImpl - Merging 0 segments, 0 bytes from memory into reduce
2024-11-28 17:44:30 INFO  [pool-4-thread-1] org.apache.hadoop.mapred.Merger - Merging 1 sorted segments
2024-11-28 17:44:30 INFO  [pool-4-thread-1] org.apache.hadoop.mapred.Merger - Down to the last merge-pass, with 1 segments left of total size: 829 bytes
2024-11-28 17:44:30 INFO  [pool-4-thread-1] o.a.hadoop.mapred.LocalJobRunner - 1 / 1 copied.
2024-11-28 17:44:30 INFO  [pool-4-thread-1] o.a.h.conf.Configuration.deprecation - mapred.skip.on is deprecated. Instead, use mapreduce.job.skiprecords
2024-11-28 17:44:30 INFO  [pool-4-thread-1] org.apache.hadoop.mapred.Task - Task:attempt_local82271307_0001_r_000000_0 is done. And is in the process of committing
2024-11-28 17:44:30 INFO  [pool-4-thread-1] o.a.hadoop.mapred.LocalJobRunner - 1 / 1 copied.
2024-11-28 17:44:30 INFO  [pool-4-thread-1] org.apache.hadoop.mapred.Task - Task attempt_local82271307_0001_r_000000_0 is allowed to commit now
2024-11-28 17:44:30 INFO  [pool-4-thread-1] o.a.h.m.l.output.FileOutputCommitter - Saved output of task 'attempt_local82271307_0001_r_000000_0' to file:/Users/federico/IdeaProjects/edbd-tp-map_reduce/output/wordCount-1732812270
2024-11-28 17:44:30 INFO  [pool-4-thread-1] o.a.hadoop.mapred.LocalJobRunner - reduce > reduce
2024-11-28 17:44:30 INFO  [pool-4-thread-1] org.apache.hadoop.mapred.Task - Task 'attempt_local82271307_0001_r_000000_0' done.
2024-11-28 17:44:30 INFO  [pool-4-thread-1] org.apache.hadoop.mapred.Task - Final Counters for attempt_local82271307_0001_r_000000_0: Counters: 24
	File System Counters
		FILE: Number of bytes read=2309
		FILE: Number of bytes written=414627
		FILE: Number of read operations=0
		FILE: Number of large read operations=0
		FILE: Number of write operations=0
	Map-Reduce Framework
		Combine input records=0
		Combine output records=0
		Reduce input groups=59
		Reduce shuffle bytes=837
		Reduce input records=72
		Reduce output records=59
		Spilled Records=72
		Shuffled Maps =1
		Failed Shuffles=0
		Merged Map outputs=1
		GC time elapsed (ms)=0
		Total committed heap usage (bytes)=157286400
	Shuffle Errors
		BAD_ID=0
		CONNECTION=0
		IO_ERROR=0
		WRONG_LENGTH=0
		WRONG_MAP=0
		WRONG_REDUCE=0
	File Output Format Counters 
		Bytes Written=470
2024-11-28 17:44:30 INFO  [pool-4-thread-1] o.a.hadoop.mapred.LocalJobRunner - Finishing task: attempt_local82271307_0001_r_000000_0
2024-11-28 17:44:30 INFO  [Thread-21] o.a.hadoop.mapred.LocalJobRunner - reduce task executor complete.
2024-11-28 17:44:31 INFO  [main] org.apache.hadoop.mapreduce.Job - Job job_local82271307_0001 running in uber mode : false
2024-11-28 17:44:31 INFO  [main] org.apache.hadoop.mapreduce.Job -  map 100% reduce 100%
2024-11-28 17:44:31 INFO  [main] org.apache.hadoop.mapreduce.Job - Job job_local82271307_0001 completed successfully
2024-11-28 17:44:31 INFO  [main] org.apache.hadoop.mapreduce.Job - Counters: 30
	File System Counters
		FILE: Number of bytes read=2912
		FILE: Number of bytes written=827947
		FILE: Number of read operations=0
		FILE: Number of large read operations=0
		FILE: Number of write operations=0
	Map-Reduce Framework
		Map input records=17
		Map output records=72
		Map output bytes=687
		Map output materialized bytes=837
		Input split bytes=147
		Combine input records=0
		Combine output records=0
		Reduce input groups=59
		Reduce shuffle bytes=837
		Reduce input records=72
		Reduce output records=59
		Spilled Records=144
		Shuffled Maps =1
		Failed Shuffles=0
		Merged Map outputs=1
		GC time elapsed (ms)=1
		Total committed heap usage (bytes)=314572800
	Shuffle Errors
		BAD_ID=0
		CONNECTION=0
		IO_ERROR=0
		WRONG_LENGTH=0
		WRONG_MAP=0
		WRONG_REDUCE=0
	File Input Format Counters 
		Bytes Read=400
	File Output Format Counters 
		Bytes Written=470
2024-11-28 17:44:50 WARN  [main] o.a.hadoop.util.NativeCodeLoader - Unable to load native-hadoop library for your platform... using builtin-java classes where applicable
2024-11-28 17:46:45 WARN  [main] o.a.hadoop.util.NativeCodeLoader - Unable to load native-hadoop library for your platform... using builtin-java classes where applicable
2024-11-28 17:46:45 WARN  [main] o.a.h.metrics2.impl.MetricsConfig - Cannot locate configuration: tried hadoop-metrics2-jobtracker.properties,hadoop-metrics2.properties
2024-11-28 17:46:45 INFO  [main] o.a.h.m.impl.MetricsSystemImpl - Scheduled Metric snapshot period at 10 second(s).
2024-11-28 17:46:45 INFO  [main] o.a.h.m.impl.MetricsSystemImpl - JobTracker metrics system started
2024-11-28 17:46:45 WARN  [main] o.a.h.mapreduce.JobResourceUploader - Hadoop command-line option parsing not performed. Implement the Tool interface and execute your application with ToolRunner to remedy this.
2024-11-28 17:46:45 WARN  [main] o.a.h.mapreduce.JobResourceUploader - No job jar file set.  User classes may not be found. See Job or Job#setJar(String).
2024-11-28 17:46:46 INFO  [main] o.a.h.m.lib.input.FileInputFormat - Total input files to process : 1
2024-11-28 17:46:46 INFO  [main] o.a.hadoop.mapreduce.JobSubmitter - number of splits:1
2024-11-28 17:46:46 INFO  [main] o.a.hadoop.mapreduce.JobSubmitter - Submitting tokens for job: job_local693839997_0001
2024-11-28 17:46:46 INFO  [main] o.a.hadoop.mapreduce.JobSubmitter - Executing with tokens: []
2024-11-28 17:46:46 INFO  [main] org.apache.hadoop.mapreduce.Job - The url to track the job: http://localhost:8080/
2024-11-28 17:46:46 INFO  [main] org.apache.hadoop.mapreduce.Job - Running job: job_local693839997_0001
2024-11-28 17:46:46 INFO  [Thread-21] o.a.hadoop.mapred.LocalJobRunner - OutputCommitter set in config null
2024-11-28 17:46:46 INFO  [Thread-21] o.a.h.m.l.o.PathOutputCommitterFactory - No output committer factory defined, defaulting to FileOutputCommitterFactory
2024-11-28 17:46:46 INFO  [Thread-21] o.a.h.m.l.output.FileOutputCommitter - File Output Committer Algorithm version is 2
2024-11-28 17:46:46 INFO  [Thread-21] o.a.h.m.l.output.FileOutputCommitter - FileOutputCommitter skip cleanup _temporary folders under output directory:false, ignore cleanup failures: false
2024-11-28 17:46:46 INFO  [Thread-21] o.a.hadoop.mapred.LocalJobRunner - OutputCommitter is org.apache.hadoop.mapreduce.lib.output.FileOutputCommitter
2024-11-28 17:46:46 INFO  [Thread-21] o.a.hadoop.mapred.LocalJobRunner - Waiting for map tasks
2024-11-28 17:46:46 INFO  [LocalJobRunner Map Task Executor #0] o.a.hadoop.mapred.LocalJobRunner - Starting task: attempt_local693839997_0001_m_000000_0
2024-11-28 17:46:46 INFO  [LocalJobRunner Map Task Executor #0] o.a.h.m.l.o.PathOutputCommitterFactory - No output committer factory defined, defaulting to FileOutputCommitterFactory
2024-11-28 17:46:46 INFO  [LocalJobRunner Map Task Executor #0] o.a.h.m.l.output.FileOutputCommitter - File Output Committer Algorithm version is 2
2024-11-28 17:46:46 INFO  [LocalJobRunner Map Task Executor #0] o.a.h.m.l.output.FileOutputCommitter - FileOutputCommitter skip cleanup _temporary folders under output directory:false, ignore cleanup failures: false
2024-11-28 17:46:46 INFO  [LocalJobRunner Map Task Executor #0] o.a.h.y.util.ProcfsBasedProcessTree - ProcfsBasedProcessTree currently is supported only on Linux.
2024-11-28 17:46:46 INFO  [LocalJobRunner Map Task Executor #0] org.apache.hadoop.mapred.Task -  Using ResourceCalculatorProcessTree : null
2024-11-28 17:46:46 INFO  [LocalJobRunner Map Task Executor #0] org.apache.hadoop.mapred.MapTask - Processing split: file:/Users/federico/IdeaProjects/edbd-tp-map_reduce/input-groupBy/superstore.csv:0+2255648
2024-11-28 17:46:46 INFO  [LocalJobRunner Map Task Executor #0] org.apache.hadoop.mapred.MapTask - (EQUATOR) 0 kvi 26214396(104857584)
2024-11-28 17:46:46 INFO  [LocalJobRunner Map Task Executor #0] org.apache.hadoop.mapred.MapTask - mapreduce.task.io.sort.mb: 100
2024-11-28 17:46:46 INFO  [LocalJobRunner Map Task Executor #0] org.apache.hadoop.mapred.MapTask - soft limit at 83886080
2024-11-28 17:46:46 INFO  [LocalJobRunner Map Task Executor #0] org.apache.hadoop.mapred.MapTask - bufstart = 0; bufvoid = 104857600
2024-11-28 17:46:46 INFO  [LocalJobRunner Map Task Executor #0] org.apache.hadoop.mapred.MapTask - kvstart = 26214396; length = 6553600
2024-11-28 17:46:46 INFO  [LocalJobRunner Map Task Executor #0] org.apache.hadoop.mapred.MapTask - Map output collector class = org.apache.hadoop.mapred.MapTask$MapOutputBuffer
2024-11-28 17:46:46 INFO  [LocalJobRunner Map Task Executor #0] o.a.hadoop.mapred.LocalJobRunner - 
2024-11-28 17:46:46 INFO  [LocalJobRunner Map Task Executor #0] org.apache.hadoop.mapred.MapTask - Starting flush of map output
2024-11-28 17:46:46 INFO  [LocalJobRunner Map Task Executor #0] org.apache.hadoop.mapred.Task - Task:attempt_local693839997_0001_m_000000_0 is done. And is in the process of committing
2024-11-28 17:46:46 INFO  [LocalJobRunner Map Task Executor #0] o.a.hadoop.mapred.LocalJobRunner - map
2024-11-28 17:46:46 INFO  [LocalJobRunner Map Task Executor #0] org.apache.hadoop.mapred.Task - Task 'attempt_local693839997_0001_m_000000_0' done.
2024-11-28 17:46:46 INFO  [LocalJobRunner Map Task Executor #0] org.apache.hadoop.mapred.Task - Final Counters for attempt_local693839997_0001_m_000000_0: Counters: 17
	File System Counters
		FILE: Number of bytes read=2255851
		FILE: Number of bytes written=414433
		FILE: Number of read operations=0
		FILE: Number of large read operations=0
		FILE: Number of write operations=0
	Map-Reduce Framework
		Map input records=9995
		Map output records=0
		Map output bytes=0
		Map output materialized bytes=6
		Input split bytes=146
		Combine input records=0
		Spilled Records=0
		Failed Shuffles=0
		Merged Map outputs=0
		GC time elapsed (ms)=11
		Total committed heap usage (bytes)=132120576
	File Input Format Counters 
		Bytes Read=2255648
2024-11-28 17:46:46 INFO  [LocalJobRunner Map Task Executor #0] o.a.hadoop.mapred.LocalJobRunner - Finishing task: attempt_local693839997_0001_m_000000_0
2024-11-28 17:46:46 INFO  [Thread-21] o.a.hadoop.mapred.LocalJobRunner - map task executor complete.
2024-11-28 17:46:46 INFO  [Thread-21] o.a.hadoop.mapred.LocalJobRunner - Waiting for reduce tasks
2024-11-28 17:46:46 INFO  [pool-4-thread-1] o.a.hadoop.mapred.LocalJobRunner - Starting task: attempt_local693839997_0001_r_000000_0
2024-11-28 17:46:46 INFO  [pool-4-thread-1] o.a.h.m.l.o.PathOutputCommitterFactory - No output committer factory defined, defaulting to FileOutputCommitterFactory
2024-11-28 17:46:46 INFO  [pool-4-thread-1] o.a.h.m.l.output.FileOutputCommitter - File Output Committer Algorithm version is 2
2024-11-28 17:46:46 INFO  [pool-4-thread-1] o.a.h.m.l.output.FileOutputCommitter - FileOutputCommitter skip cleanup _temporary folders under output directory:false, ignore cleanup failures: false
2024-11-28 17:46:46 INFO  [pool-4-thread-1] o.a.h.y.util.ProcfsBasedProcessTree - ProcfsBasedProcessTree currently is supported only on Linux.
2024-11-28 17:46:46 INFO  [pool-4-thread-1] org.apache.hadoop.mapred.Task -  Using ResourceCalculatorProcessTree : null
2024-11-28 17:46:46 INFO  [pool-4-thread-1] org.apache.hadoop.mapred.ReduceTask - Using ShuffleConsumerPlugin: org.apache.hadoop.mapreduce.task.reduce.Shuffle@6cb67fac
2024-11-28 17:46:46 WARN  [pool-4-thread-1] o.a.h.m.impl.MetricsSystemImpl - JobTracker metrics system already initialized!
2024-11-28 17:46:46 INFO  [pool-4-thread-1] o.a.h.m.task.reduce.MergeManagerImpl - MergerManager: memoryLimit=3006477056, maxSingleShuffleLimit=751619264, mergeThreshold=1984274944, ioSortFactor=10, memToMemMergeOutputsThreshold=10
2024-11-28 17:46:46 INFO  [EventFetcher for fetching Map Completion Events] o.a.h.m.task.reduce.EventFetcher - attempt_local693839997_0001_r_000000_0 Thread started: EventFetcher for fetching Map Completion Events
2024-11-28 17:46:46 INFO  [localfetcher#1] o.a.h.m.task.reduce.LocalFetcher - localfetcher#1 about to shuffle output of map attempt_local693839997_0001_m_000000_0 decomp: 2 len: 6 to MEMORY
2024-11-28 17:46:46 INFO  [localfetcher#1] o.a.h.m.t.reduce.InMemoryMapOutput - Read 2 bytes from map-output for attempt_local693839997_0001_m_000000_0
2024-11-28 17:46:46 INFO  [localfetcher#1] o.a.h.m.task.reduce.MergeManagerImpl - closeInMemoryFile -> map-output of size: 2, inMemoryMapOutputs.size() -> 1, commitMemory -> 0, usedMemory ->2
2024-11-28 17:46:46 INFO  [EventFetcher for fetching Map Completion Events] o.a.h.m.task.reduce.EventFetcher - EventFetcher is interrupted.. Returning
2024-11-28 17:46:46 INFO  [pool-4-thread-1] o.a.hadoop.mapred.LocalJobRunner - 1 / 1 copied.
2024-11-28 17:46:46 INFO  [pool-4-thread-1] o.a.h.m.task.reduce.MergeManagerImpl - finalMerge called with 1 in-memory map-outputs and 0 on-disk map-outputs
2024-11-28 17:46:46 INFO  [pool-4-thread-1] org.apache.hadoop.mapred.Merger - Merging 1 sorted segments
2024-11-28 17:46:46 INFO  [pool-4-thread-1] org.apache.hadoop.mapred.Merger - Down to the last merge-pass, with 0 segments left of total size: 0 bytes
2024-11-28 17:46:46 INFO  [pool-4-thread-1] o.a.h.m.task.reduce.MergeManagerImpl - Merged 1 segments, 2 bytes to disk to satisfy reduce memory limit
2024-11-28 17:46:46 INFO  [pool-4-thread-1] o.a.h.m.task.reduce.MergeManagerImpl - Merging 1 files, 6 bytes from disk
2024-11-28 17:46:46 INFO  [pool-4-thread-1] o.a.h.m.task.reduce.MergeManagerImpl - Merging 0 segments, 0 bytes from memory into reduce
2024-11-28 17:46:46 INFO  [pool-4-thread-1] org.apache.hadoop.mapred.Merger - Merging 1 sorted segments
2024-11-28 17:46:46 INFO  [pool-4-thread-1] org.apache.hadoop.mapred.Merger - Down to the last merge-pass, with 0 segments left of total size: 0 bytes
2024-11-28 17:46:46 INFO  [pool-4-thread-1] o.a.hadoop.mapred.LocalJobRunner - 1 / 1 copied.
2024-11-28 17:46:46 INFO  [pool-4-thread-1] o.a.h.conf.Configuration.deprecation - mapred.skip.on is deprecated. Instead, use mapreduce.job.skiprecords
2024-11-28 17:46:46 INFO  [pool-4-thread-1] org.apache.hadoop.mapred.Task - Task:attempt_local693839997_0001_r_000000_0 is done. And is in the process of committing
2024-11-28 17:46:46 INFO  [pool-4-thread-1] o.a.hadoop.mapred.LocalJobRunner - 1 / 1 copied.
2024-11-28 17:46:46 INFO  [pool-4-thread-1] org.apache.hadoop.mapred.Task - Task attempt_local693839997_0001_r_000000_0 is allowed to commit now
2024-11-28 17:46:46 INFO  [pool-4-thread-1] o.a.h.m.l.output.FileOutputCommitter - Saved output of task 'attempt_local693839997_0001_r_000000_0' to file:/Users/federico/IdeaProjects/edbd-tp-map_reduce/output/groupBy-1732812405
2024-11-28 17:46:46 INFO  [pool-4-thread-1] o.a.hadoop.mapred.LocalJobRunner - reduce > reduce
2024-11-28 17:46:46 INFO  [pool-4-thread-1] org.apache.hadoop.mapred.Task - Task 'attempt_local693839997_0001_r_000000_0' done.
2024-11-28 17:46:46 INFO  [pool-4-thread-1] org.apache.hadoop.mapred.Task - Final Counters for attempt_local693839997_0001_r_000000_0: Counters: 24
	File System Counters
		FILE: Number of bytes read=2255895
		FILE: Number of bytes written=414447
		FILE: Number of read operations=0
		FILE: Number of large read operations=0
		FILE: Number of write operations=0
	Map-Reduce Framework
		Combine input records=0
		Combine output records=0
		Reduce input groups=0
		Reduce shuffle bytes=6
		Reduce input records=0
		Reduce output records=0
		Spilled Records=0
		Shuffled Maps =1
		Failed Shuffles=0
		Merged Map outputs=1
		GC time elapsed (ms)=3
		Total committed heap usage (bytes)=56623104
	Shuffle Errors
		BAD_ID=0
		CONNECTION=0
		IO_ERROR=0
		WRONG_LENGTH=0
		WRONG_MAP=0
		WRONG_REDUCE=0
	File Output Format Counters 
		Bytes Written=8
2024-11-28 17:46:46 INFO  [pool-4-thread-1] o.a.hadoop.mapred.LocalJobRunner - Finishing task: attempt_local693839997_0001_r_000000_0
2024-11-28 17:46:46 INFO  [Thread-21] o.a.hadoop.mapred.LocalJobRunner - reduce task executor complete.
2024-11-28 17:46:47 INFO  [main] org.apache.hadoop.mapreduce.Job - Job job_local693839997_0001 running in uber mode : false
2024-11-28 17:46:47 INFO  [main] org.apache.hadoop.mapreduce.Job -  map 100% reduce 100%
2024-11-28 17:46:47 INFO  [main] org.apache.hadoop.mapreduce.Job - Job job_local693839997_0001 completed successfully
2024-11-28 17:46:47 INFO  [main] org.apache.hadoop.mapreduce.Job - Counters: 30
	File System Counters
		FILE: Number of bytes read=4511746
		FILE: Number of bytes written=828880
		FILE: Number of read operations=0
		FILE: Number of large read operations=0
		FILE: Number of write operations=0
	Map-Reduce Framework
		Map input records=9995
		Map output records=0
		Map output bytes=0
		Map output materialized bytes=6
		Input split bytes=146
		Combine input records=0
		Combine output records=0
		Reduce input groups=0
		Reduce shuffle bytes=6
		Reduce input records=0
		Reduce output records=0
		Spilled Records=0
		Shuffled Maps =1
		Failed Shuffles=0
		Merged Map outputs=1
		GC time elapsed (ms)=14
		Total committed heap usage (bytes)=188743680
	Shuffle Errors
		BAD_ID=0
		CONNECTION=0
		IO_ERROR=0
		WRONG_LENGTH=0
		WRONG_MAP=0
		WRONG_REDUCE=0
	File Input Format Counters 
		Bytes Read=2255648
	File Output Format Counters 
		Bytes Written=8
2024-11-28 17:47:08 WARN  [main] o.a.hadoop.util.NativeCodeLoader - Unable to load native-hadoop library for your platform... using builtin-java classes where applicable
2024-11-28 17:47:34 WARN  [main] o.a.hadoop.util.NativeCodeLoader - Unable to load native-hadoop library for your platform... using builtin-java classes where applicable
2024-11-28 17:47:34 WARN  [main] o.a.h.metrics2.impl.MetricsConfig - Cannot locate configuration: tried hadoop-metrics2-jobtracker.properties,hadoop-metrics2.properties
2024-11-28 17:47:34 INFO  [main] o.a.h.m.impl.MetricsSystemImpl - Scheduled Metric snapshot period at 10 second(s).
2024-11-28 17:47:34 INFO  [main] o.a.h.m.impl.MetricsSystemImpl - JobTracker metrics system started
2024-11-28 17:47:34 WARN  [main] o.a.h.mapreduce.JobResourceUploader - Hadoop command-line option parsing not performed. Implement the Tool interface and execute your application with ToolRunner to remedy this.
2024-11-28 17:47:34 WARN  [main] o.a.h.mapreduce.JobResourceUploader - No job jar file set.  User classes may not be found. See Job or Job#setJar(String).
2024-11-28 17:47:34 INFO  [main] o.a.h.m.lib.input.FileInputFormat - Total input files to process : 1
2024-11-28 17:47:34 INFO  [main] o.a.hadoop.mapreduce.JobSubmitter - number of splits:1
2024-11-28 17:47:34 INFO  [main] o.a.hadoop.mapreduce.JobSubmitter - Submitting tokens for job: job_local597186041_0001
2024-11-28 17:47:34 INFO  [main] o.a.hadoop.mapreduce.JobSubmitter - Executing with tokens: []
2024-11-28 17:47:34 INFO  [main] org.apache.hadoop.mapreduce.Job - The url to track the job: http://localhost:8080/
2024-11-28 17:47:34 INFO  [main] org.apache.hadoop.mapreduce.Job - Running job: job_local597186041_0001
2024-11-28 17:47:34 INFO  [Thread-21] o.a.hadoop.mapred.LocalJobRunner - OutputCommitter set in config null
2024-11-28 17:47:34 INFO  [Thread-21] o.a.h.m.l.o.PathOutputCommitterFactory - No output committer factory defined, defaulting to FileOutputCommitterFactory
2024-11-28 17:47:34 INFO  [Thread-21] o.a.h.m.l.output.FileOutputCommitter - File Output Committer Algorithm version is 2
2024-11-28 17:47:34 INFO  [Thread-21] o.a.h.m.l.output.FileOutputCommitter - FileOutputCommitter skip cleanup _temporary folders under output directory:false, ignore cleanup failures: false
2024-11-28 17:47:34 INFO  [Thread-21] o.a.hadoop.mapred.LocalJobRunner - OutputCommitter is org.apache.hadoop.mapreduce.lib.output.FileOutputCommitter
2024-11-28 17:47:34 INFO  [Thread-21] o.a.hadoop.mapred.LocalJobRunner - Waiting for map tasks
2024-11-28 17:47:34 INFO  [LocalJobRunner Map Task Executor #0] o.a.hadoop.mapred.LocalJobRunner - Starting task: attempt_local597186041_0001_m_000000_0
2024-11-28 17:47:34 INFO  [LocalJobRunner Map Task Executor #0] o.a.h.m.l.o.PathOutputCommitterFactory - No output committer factory defined, defaulting to FileOutputCommitterFactory
2024-11-28 17:47:34 INFO  [LocalJobRunner Map Task Executor #0] o.a.h.m.l.output.FileOutputCommitter - File Output Committer Algorithm version is 2
2024-11-28 17:47:34 INFO  [LocalJobRunner Map Task Executor #0] o.a.h.m.l.output.FileOutputCommitter - FileOutputCommitter skip cleanup _temporary folders under output directory:false, ignore cleanup failures: false
2024-11-28 17:47:34 INFO  [LocalJobRunner Map Task Executor #0] o.a.h.y.util.ProcfsBasedProcessTree - ProcfsBasedProcessTree currently is supported only on Linux.
2024-11-28 17:47:34 INFO  [LocalJobRunner Map Task Executor #0] org.apache.hadoop.mapred.Task -  Using ResourceCalculatorProcessTree : null
2024-11-28 17:47:34 INFO  [LocalJobRunner Map Task Executor #0] org.apache.hadoop.mapred.MapTask - Processing split: file:/Users/federico/IdeaProjects/edbd-tp-map_reduce/input-wordCount/hadoopPoem.sh:0+400
2024-11-28 17:47:35 INFO  [LocalJobRunner Map Task Executor #0] org.apache.hadoop.mapred.MapTask - (EQUATOR) 0 kvi 26214396(104857584)
2024-11-28 17:47:35 INFO  [LocalJobRunner Map Task Executor #0] org.apache.hadoop.mapred.MapTask - mapreduce.task.io.sort.mb: 100
2024-11-28 17:47:35 INFO  [LocalJobRunner Map Task Executor #0] org.apache.hadoop.mapred.MapTask - soft limit at 83886080
2024-11-28 17:47:35 INFO  [LocalJobRunner Map Task Executor #0] org.apache.hadoop.mapred.MapTask - bufstart = 0; bufvoid = 104857600
2024-11-28 17:47:35 INFO  [LocalJobRunner Map Task Executor #0] org.apache.hadoop.mapred.MapTask - kvstart = 26214396; length = 6553600
2024-11-28 17:47:35 INFO  [LocalJobRunner Map Task Executor #0] org.apache.hadoop.mapred.MapTask - Map output collector class = org.apache.hadoop.mapred.MapTask$MapOutputBuffer
2024-11-28 17:47:35 INFO  [LocalJobRunner Map Task Executor #0] o.a.hadoop.mapred.LocalJobRunner - 
2024-11-28 17:47:35 INFO  [LocalJobRunner Map Task Executor #0] org.apache.hadoop.mapred.MapTask - Starting flush of map output
2024-11-28 17:47:35 INFO  [LocalJobRunner Map Task Executor #0] org.apache.hadoop.mapred.MapTask - Spilling map output
2024-11-28 17:47:35 INFO  [LocalJobRunner Map Task Executor #0] org.apache.hadoop.mapred.MapTask - bufstart = 0; bufend = 687; bufvoid = 104857600
2024-11-28 17:47:35 INFO  [LocalJobRunner Map Task Executor #0] org.apache.hadoop.mapred.MapTask - kvstart = 26214396(104857584); kvend = 26214112(104856448); length = 285/6553600
2024-11-28 17:47:35 INFO  [LocalJobRunner Map Task Executor #0] org.apache.hadoop.mapred.MapTask - Finished spill 0
2024-11-28 17:47:35 INFO  [LocalJobRunner Map Task Executor #0] org.apache.hadoop.mapred.Task - Task:attempt_local597186041_0001_m_000000_0 is done. And is in the process of committing
2024-11-28 17:47:35 INFO  [LocalJobRunner Map Task Executor #0] o.a.hadoop.mapred.LocalJobRunner - map
2024-11-28 17:47:35 INFO  [LocalJobRunner Map Task Executor #0] org.apache.hadoop.mapred.Task - Task 'attempt_local597186041_0001_m_000000_0' done.
2024-11-28 17:47:35 INFO  [LocalJobRunner Map Task Executor #0] org.apache.hadoop.mapred.Task - Final Counters for attempt_local597186041_0001_m_000000_0: Counters: 17
	File System Counters
		FILE: Number of bytes read=603
		FILE: Number of bytes written=415565
		FILE: Number of read operations=0
		FILE: Number of large read operations=0
		FILE: Number of write operations=0
	Map-Reduce Framework
		Map input records=17
		Map output records=72
		Map output bytes=687
		Map output materialized bytes=837
		Input split bytes=147
		Combine input records=0
		Spilled Records=72
		Failed Shuffles=0
		Merged Map outputs=0
		GC time elapsed (ms)=7
		Total committed heap usage (bytes)=130023424
	File Input Format Counters 
		Bytes Read=400
2024-11-28 17:47:35 INFO  [LocalJobRunner Map Task Executor #0] o.a.hadoop.mapred.LocalJobRunner - Finishing task: attempt_local597186041_0001_m_000000_0
2024-11-28 17:47:35 INFO  [Thread-21] o.a.hadoop.mapred.LocalJobRunner - map task executor complete.
2024-11-28 17:47:35 INFO  [Thread-21] o.a.hadoop.mapred.LocalJobRunner - Waiting for reduce tasks
2024-11-28 17:47:35 INFO  [pool-4-thread-1] o.a.hadoop.mapred.LocalJobRunner - Starting task: attempt_local597186041_0001_r_000000_0
2024-11-28 17:47:35 INFO  [pool-4-thread-1] o.a.h.m.l.o.PathOutputCommitterFactory - No output committer factory defined, defaulting to FileOutputCommitterFactory
2024-11-28 17:47:35 INFO  [pool-4-thread-1] o.a.h.m.l.output.FileOutputCommitter - File Output Committer Algorithm version is 2
2024-11-28 17:47:35 INFO  [pool-4-thread-1] o.a.h.m.l.output.FileOutputCommitter - FileOutputCommitter skip cleanup _temporary folders under output directory:false, ignore cleanup failures: false
2024-11-28 17:47:35 INFO  [pool-4-thread-1] o.a.h.y.util.ProcfsBasedProcessTree - ProcfsBasedProcessTree currently is supported only on Linux.
2024-11-28 17:47:35 INFO  [pool-4-thread-1] org.apache.hadoop.mapred.Task -  Using ResourceCalculatorProcessTree : null
2024-11-28 17:47:35 INFO  [pool-4-thread-1] org.apache.hadoop.mapred.ReduceTask - Using ShuffleConsumerPlugin: org.apache.hadoop.mapreduce.task.reduce.Shuffle@70a6d56e
2024-11-28 17:47:35 WARN  [pool-4-thread-1] o.a.h.m.impl.MetricsSystemImpl - JobTracker metrics system already initialized!
2024-11-28 17:47:35 INFO  [pool-4-thread-1] o.a.h.m.task.reduce.MergeManagerImpl - MergerManager: memoryLimit=3006477056, maxSingleShuffleLimit=751619264, mergeThreshold=1984274944, ioSortFactor=10, memToMemMergeOutputsThreshold=10
2024-11-28 17:47:35 INFO  [EventFetcher for fetching Map Completion Events] o.a.h.m.task.reduce.EventFetcher - attempt_local597186041_0001_r_000000_0 Thread started: EventFetcher for fetching Map Completion Events
2024-11-28 17:47:35 INFO  [localfetcher#1] o.a.h.m.task.reduce.LocalFetcher - localfetcher#1 about to shuffle output of map attempt_local597186041_0001_m_000000_0 decomp: 833 len: 837 to MEMORY
2024-11-28 17:47:35 INFO  [localfetcher#1] o.a.h.m.t.reduce.InMemoryMapOutput - Read 833 bytes from map-output for attempt_local597186041_0001_m_000000_0
2024-11-28 17:47:35 INFO  [localfetcher#1] o.a.h.m.task.reduce.MergeManagerImpl - closeInMemoryFile -> map-output of size: 833, inMemoryMapOutputs.size() -> 1, commitMemory -> 0, usedMemory ->833
2024-11-28 17:47:35 INFO  [EventFetcher for fetching Map Completion Events] o.a.h.m.task.reduce.EventFetcher - EventFetcher is interrupted.. Returning
2024-11-28 17:47:35 INFO  [pool-4-thread-1] o.a.hadoop.mapred.LocalJobRunner - 1 / 1 copied.
2024-11-28 17:47:35 INFO  [pool-4-thread-1] o.a.h.m.task.reduce.MergeManagerImpl - finalMerge called with 1 in-memory map-outputs and 0 on-disk map-outputs
2024-11-28 17:47:35 INFO  [pool-4-thread-1] org.apache.hadoop.mapred.Merger - Merging 1 sorted segments
2024-11-28 17:47:35 INFO  [pool-4-thread-1] org.apache.hadoop.mapred.Merger - Down to the last merge-pass, with 1 segments left of total size: 829 bytes
2024-11-28 17:47:35 INFO  [pool-4-thread-1] o.a.h.m.task.reduce.MergeManagerImpl - Merged 1 segments, 833 bytes to disk to satisfy reduce memory limit
2024-11-28 17:47:35 INFO  [pool-4-thread-1] o.a.h.m.task.reduce.MergeManagerImpl - Merging 1 files, 837 bytes from disk
2024-11-28 17:47:35 INFO  [pool-4-thread-1] o.a.h.m.task.reduce.MergeManagerImpl - Merging 0 segments, 0 bytes from memory into reduce
2024-11-28 17:47:35 INFO  [pool-4-thread-1] org.apache.hadoop.mapred.Merger - Merging 1 sorted segments
2024-11-28 17:47:35 INFO  [pool-4-thread-1] org.apache.hadoop.mapred.Merger - Down to the last merge-pass, with 1 segments left of total size: 829 bytes
2024-11-28 17:47:35 INFO  [pool-4-thread-1] o.a.hadoop.mapred.LocalJobRunner - 1 / 1 copied.
2024-11-28 17:47:35 INFO  [pool-4-thread-1] o.a.h.conf.Configuration.deprecation - mapred.skip.on is deprecated. Instead, use mapreduce.job.skiprecords
2024-11-28 17:47:35 INFO  [pool-4-thread-1] org.apache.hadoop.mapred.Task - Task:attempt_local597186041_0001_r_000000_0 is done. And is in the process of committing
2024-11-28 17:47:35 INFO  [pool-4-thread-1] o.a.hadoop.mapred.LocalJobRunner - 1 / 1 copied.
2024-11-28 17:47:35 INFO  [pool-4-thread-1] org.apache.hadoop.mapred.Task - Task attempt_local597186041_0001_r_000000_0 is allowed to commit now
2024-11-28 17:47:35 INFO  [pool-4-thread-1] o.a.h.m.l.output.FileOutputCommitter - Saved output of task 'attempt_local597186041_0001_r_000000_0' to file:/Users/federico/IdeaProjects/edbd-tp-map_reduce/output/TopkWordCount-1732812454
2024-11-28 17:47:35 INFO  [pool-4-thread-1] o.a.hadoop.mapred.LocalJobRunner - reduce > reduce
2024-11-28 17:47:35 INFO  [pool-4-thread-1] org.apache.hadoop.mapred.Task - Task 'attempt_local597186041_0001_r_000000_0' done.
2024-11-28 17:47:35 INFO  [pool-4-thread-1] org.apache.hadoop.mapred.Task - Final Counters for attempt_local597186041_0001_r_000000_0: Counters: 24
	File System Counters
		FILE: Number of bytes read=2309
		FILE: Number of bytes written=416483
		FILE: Number of read operations=0
		FILE: Number of large read operations=0
		FILE: Number of write operations=0
	Map-Reduce Framework
		Combine input records=0
		Combine output records=0
		Reduce input groups=59
		Reduce shuffle bytes=837
		Reduce input records=72
		Reduce output records=10
		Spilled Records=72
		Shuffled Maps =1
		Failed Shuffles=0
		Merged Map outputs=1
		GC time elapsed (ms)=4
		Total committed heap usage (bytes)=56623104
	Shuffle Errors
		BAD_ID=0
		CONNECTION=0
		IO_ERROR=0
		WRONG_LENGTH=0
		WRONG_MAP=0
		WRONG_REDUCE=0
	File Output Format Counters 
		Bytes Written=81
2024-11-28 17:47:35 INFO  [pool-4-thread-1] o.a.hadoop.mapred.LocalJobRunner - Finishing task: attempt_local597186041_0001_r_000000_0
2024-11-28 17:47:35 INFO  [Thread-21] o.a.hadoop.mapred.LocalJobRunner - reduce task executor complete.
2024-11-28 17:47:35 INFO  [main] org.apache.hadoop.mapreduce.Job - Job job_local597186041_0001 running in uber mode : false
2024-11-28 17:47:35 INFO  [main] org.apache.hadoop.mapreduce.Job -  map 100% reduce 100%
2024-11-28 17:47:35 INFO  [main] org.apache.hadoop.mapreduce.Job - Job job_local597186041_0001 completed successfully
2024-11-28 17:47:35 INFO  [main] org.apache.hadoop.mapreduce.Job - Counters: 30
	File System Counters
		FILE: Number of bytes read=2912
		FILE: Number of bytes written=832048
		FILE: Number of read operations=0
		FILE: Number of large read operations=0
		FILE: Number of write operations=0
	Map-Reduce Framework
		Map input records=17
		Map output records=72
		Map output bytes=687
		Map output materialized bytes=837
		Input split bytes=147
		Combine input records=0
		Combine output records=0
		Reduce input groups=59
		Reduce shuffle bytes=837
		Reduce input records=72
		Reduce output records=10
		Spilled Records=144
		Shuffled Maps =1
		Failed Shuffles=0
		Merged Map outputs=1
		GC time elapsed (ms)=11
		Total committed heap usage (bytes)=186646528
	Shuffle Errors
		BAD_ID=0
		CONNECTION=0
		IO_ERROR=0
		WRONG_LENGTH=0
		WRONG_MAP=0
		WRONG_REDUCE=0
	File Input Format Counters 
		Bytes Read=400
	File Output Format Counters 
		Bytes Written=81
